<?xml version="1.0" encoding="UTF-8"?>
<!-- Generated by org.testng.reporters.JUnitXMLReporter -->
<testsuite ignored="0" hostname="Family-laptop" failures="0" tests="3" name="Default test" time="7.832" errors="0" timestamp="2024-09-08T19:16:55 IST">
  <testcase classname="TestNgDataProviderforParameterization" name="addBook" time="7.043"/>
  <testcase classname="TestNgDataProviderforParameterization" name="addBook" time="0.297"/>
  <testcase classname="TestNgDataProviderforParameterization" name="addBook" time="0.222"/>
</testsuite> <!-- Default test -->
