<?xml version="1.0" encoding="UTF-8"?>
<!-- Generated by org.testng.reporters.JUnitXMLReporter -->
<testsuite ignored="0" hostname="Family-laptop" failures="0" tests="3" name="Default test" time="10.266" errors="0" timestamp="2024-09-08T23:41:58 IST">
  <testcase classname="TestNgDataProviderforParameterization" name="addBook" time="9.369"/>
  <testcase classname="TestNgDataProviderforParameterization" name="addBook" time="0.373"/>
  <testcase classname="TestNgDataProviderforParameterization" name="addBook" time="0.223"/>
</testsuite> <!-- Default test -->
